# JRE version: Java(TM) SE Runtime Environment (8.0_92-b14) (build 1.8.0_92-b14)
# Java VM: Java HotSpot(TM) 64-Bit Server VM (25.92-b14 mixed mode windows-amd64 compressed oops)
Heap:
 PSYoungGen      total 247808K, used 89554K [0x00000000d5d00000, 0x00000000e6480000, 0x0000000100000000)
  eden space 236032K, 37% used [0x00000000d5d00000,0x00000000db474ba8,0x00000000e4380000)
  from space 11776K, 0% used [0x00000000e5480000,0x00000000e5480000,0x00000000e6000000)
  to   space 16896K, 0% used [0x00000000e4380000,0x00000000e4380000,0x00000000e5400000)
 ParOldGen       total 79360K, used 22627K [0x0000000081600000, 0x0000000086380000, 0x00000000d5d00000)
  object space 79360K, 28% used [0x0000000081600000,0x0000000082c18fc0,0x0000000086380000)
 Metaspace       used 36360K, capacity 37824K, committed 38144K, reserved 1083392K
  class space    used 4758K, capacity 5032K, committed 5120K, reserved 1048576K
GC Heap History (10 events):
Event: 2.818 GC heap before
{Heap before GC invocations=4 (full 0):
 PSYoungGen      total 71680K, used 17615K [0x00000000d5d00000, 0x00000000de900000, 0x0000000100000000)
  eden space 66560K, 18% used [0x00000000d5d00000,0x00000000d6935cc0,0x00000000d9e00000)
  from space 5120K, 99% used [0x00000000d9e00000,0x00000000da2fe010,0x00000000da300000)
  to   space 5120K, 0% used [0x00000000de400000,0x00000000de400000,0x00000000de900000)
 ParOldGen       total 87552K, used 5113K [0x0000000081600000, 0x0000000086b80000, 0x00000000d5d00000)
  object space 87552K, 5% used [0x0000000081600000,0x0000000081afe5d0,0x0000000086b80000)
 Metaspace       used 20539K, capacity 21208K, committed 21296K, reserved 1067008K
  class space    used 2750K, capacity 2926K, committed 2944K, reserved 1048576K
Event: 2.911 GC heap after
Heap after GC invocations=4 (full 0):
 PSYoungGen      total 138240K, used 5111K [0x00000000d5d00000, 0x00000000de900000, 0x0000000100000000)
  eden space 133120K, 0% used [0x00000000d5d00000,0x00000000d5d00000,0x00000000ddf00000)
  from space 5120K, 99% used [0x00000000de400000,0x00000000de8fdc48,0x00000000de900000)
  to   space 5120K, 0% used [0x00000000ddf00000,0x00000000ddf00000,0x00000000de400000)
 ParOldGen       total 87552K, used 6429K [0x0000000081600000, 0x0000000086b80000, 0x00000000d5d00000)
  object space 87552K, 7% used [0x0000000081600000,0x0000000081c476e8,0x0000000086b80000)
 Metaspace       used 20539K, capacity 21208K, committed 21296K, reserved 1067008K
  class space    used 2750K, capacity 2926K, committed 2944K, reserved 1048576K
}
Event: 2.911 GC heap before
{Heap before GC invocations=5 (full 1):
 PSYoungGen      total 138240K, used 5111K [0x00000000d5d00000, 0x00000000de900000, 0x0000000100000000)
  eden space 133120K, 0% used [0x00000000d5d00000,0x00000000d5d00000,0x00000000ddf00000)
  from space 5120K, 99% used [0x00000000de400000,0x00000000de8fdc48,0x00000000de900000)
  to   space 5120K, 0% used [0x00000000ddf00000,0x00000000ddf00000,0x00000000de400000)
 ParOldGen       total 87552K, used 6429K [0x0000000081600000, 0x0000000086b80000, 0x00000000d5d00000)
  object space 87552K, 7% used [0x0000000081600000,0x0000000081c476e8,0x0000000086b80000)
 Metaspace       used 20539K, capacity 21208K, committed 21296K, reserved 1067008K
  class space    used 2750K, capacity 2926K, committed 2944K, reserved 1048576K
Event: 2.999 GC heap after
Heap after GC invocations=5 (full 1):
 PSYoungGen      total 138240K, used 0K [0x00000000d5d00000, 0x00000000de900000, 0x0000000100000000)
  eden space 133120K, 0% used [0x00000000d5d00000,0x00000000d5d00000,0x00000000ddf00000)
  from space 5120K, 0% used [0x00000000de400000,0x00000000de400000,0x00000000de900000)
  to   space 5120K, 0% used [0x00000000ddf00000,0x00000000ddf00000,0x00000000de400000)
 ParOldGen       total 49152K, used 6329K [0x0000000081600000, 0x0000000084600000, 0x00000000d5d00000)
  object space 49152K, 12% used [0x0000000081600000,0x0000000081c2e478,0x0000000084600000)
 Metaspace       used 20531K, capacity 21196K, committed 21296K, reserved 1067008K
  class space    used 2747K, capacity 2920K, committed 2944K, reserved 1048576K
}
Event: 4.364 GC heap before
{Heap before GC invocations=6 (full 1):
 PSYoungGen      total 138240K, used 133120K [0x00000000d5d00000, 0x00000000de900000, 0x0000000100000000)
  eden space 133120K, 100% used [0x00000000d5d00000,0x00000000ddf00000,0x00000000ddf00000)
  from space 5120K, 0% used [0x00000000de400000,0x00000000de400000,0x00000000de900000)
  to   space 5120K, 0% used [0x00000000ddf00000,0x00000000ddf00000,0x00000000de400000)
 ParOldGen       total 49152K, used 6329K [0x0000000081600000, 0x0000000084600000, 0x00000000d5d00000)
  object space 49152K, 12% used [0x0000000081600000,0x0000000081c2e478,0x0000000084600000)
 Metaspace       used 26650K, capacity 27860K, committed 28032K, reserved 1073152K
  class space    used 3595K, capacity 3872K, committed 3968K, reserved 1048576K
Event: 4.377 GC heap after
Heap after GC invocations=6 (full 1):
 PSYoungGen      total 138240K, used 5108K [0x00000000d5d00000, 0x00000000e6000000, 0x0000000100000000)
  eden space 133120K, 0% used [0x00000000d5d00000,0x00000000d5d00000,0x00000000ddf00000)
  from space 5120K, 99% used [0x00000000ddf00000,0x00000000de3fd030,0x00000000de400000)
  to   space 11776K, 0% used [0x00000000e5480000,0x00000000e5480000,0x00000000e6000000)
 ParOldGen       total 49152K, used 11713K [0x0000000081600000, 0x0000000084600000, 0x00000000d5d00000)
  object space 49152K, 23% used [0x0000000081600000,0x0000000082170670,0x0000000084600000)
 Metaspace       used 26650K, capacity 27860K, committed 28032K, reserved 1073152K
  class space    used 3595K, capacity 3872K, committed 3968K, reserved 1048576K
}
Event: 5.557 GC heap before
{Heap before GC invocations=7 (full 1):
 PSYoungGen      total 138240K, used 124341K [0x00000000d5d00000, 0x00000000e6000000, 0x0000000100000000)
  eden space 133120K, 89% used [0x00000000d5d00000,0x00000000dd1707b0,0x00000000ddf00000)
  from space 5120K, 99% used [0x00000000ddf00000,0x00000000de3fd030,0x00000000de400000)
  to   space 11776K, 0% used [0x00000000e5480000,0x00000000e5480000,0x00000000e6000000)
 ParOldGen       total 49152K, used 11713K [0x0000000081600000, 0x0000000084600000, 0x00000000d5d00000)
  object space 49152K, 23% used [0x0000000081600000,0x0000000082170670,0x0000000084600000)
 Metaspace       used 34048K, capacity 35308K, committed 35456K, reserved 1079296K
  class space    used 4458K, capacity 4722K, committed 4736K, reserved 1048576K
Event: 5.575 GC heap after
Heap after GC invocations=7 (full 1):
 PSYoungGen      total 247808K, used 11768K [0x00000000d5d00000, 0x00000000e6480000, 0x0000000100000000)
  eden space 236032K, 0% used [0x00000000d5d00000,0x00000000d5d00000,0x00000000e4380000)
  from space 11776K, 99% used [0x00000000e5480000,0x00000000e5ffe030,0x00000000e6000000)
  to   space 16896K, 0% used [0x00000000e4380000,0x00000000e4380000,0x00000000e5400000)
 ParOldGen       total 49152K, used 17445K [0x0000000081600000, 0x0000000084600000, 0x00000000d5d00000)
  object space 49152K, 35% used [0x0000000081600000,0x00000000827097d0,0x0000000084600000)
 Metaspace       used 34048K, capacity 35308K, committed 35456K, reserved 1079296K
  class space    used 4458K, capacity 4722K, committed 4736K, reserved 1048576K
}
Event: 5.575 GC heap before
{Heap before GC invocations=8 (full 2):
 PSYoungGen      total 247808K, used 11768K [0x00000000d5d00000, 0x00000000e6480000, 0x0000000100000000)
  eden space 236032K, 0% used [0x00000000d5d00000,0x00000000d5d00000,0x00000000e4380000)
  from space 11776K, 99% used [0x00000000e5480000,0x00000000e5ffe030,0x00000000e6000000)
  to   space 16896K, 0% used [0x00000000e4380000,0x00000000e4380000,0x00000000e5400000)
 ParOldGen       total 49152K, used 17445K [0x0000000081600000, 0x0000000084600000, 0x00000000d5d00000)
  object space 49152K, 35% used [0x0000000081600000,0x00000000827097d0,0x0000000084600000)
 Metaspace       used 34048K, capacity 35308K, committed 35456K, reserved 1079296K
  class space    used 4458K, capacity 4722K, committed 4736K, reserved 1048576K
Event: 5.694 GC heap after
Heap after GC invocations=8 (full 2):
 PSYoungGen      total 247808K, used 0K [0x00000000d5d00000, 0x00000000e6480000, 0x0000000100000000)
  eden space 236032K, 0% used [0x00000000d5d00000,0x00000000d5d00000,0x00000000e4380000)
  from space 11776K, 0% used [0x00000000e5480000,0x00000000e5480000,0x00000000e6000000)
  to   space 16896K, 0% used [0x00000000e4380000,0x00000000e4380000,0x00000000e5400000)
 ParOldGen       total 79360K, used 22627K [0x0000000081600000, 0x0000000086380000, 0x00000000d5d00000)
  object space 79360K, 28% used [0x0000000081600000,0x0000000082c18fc0,0x0000000086380000)
 Metaspace       used 34048K, capacity 35308K, committed 35456K, reserved 1079296K
  class space    used 4458K, capacity 4722K, committed 4736K, reserved 1048576K
}

